 lexus::M::Start inversion
 lexus::M::With pruning
 lxBRD_w::M:: Solving with  weight =   9.9999997E-06
 lxBRD_w::Comment::Iter =    1 error =    24.996     tol =   0.10000E-01
 lxBRD_w::Comment::Iterations  =    1
 lxBRD_w::Comment::Iter =    2 error =    10.448     tol =   0.10000E-01
 lxBRD_w::Comment::Iterations  =    2
 lxBRD_w::Comment::Iter =    3 error =    19.680     tol =   0.10000E-01
 lxBRD_w::Comment::Iterations  =    3
 lxBRD_w::Comment::Iter =    4 error =    31.592     tol =   0.10000E-01
 lxBRD_w::Comment::Iterations  =    4
 lxBRD_w::Comment::Iter =    5 error =    11.869     tol =   0.10000E-01
 lxBRD_w::Comment::Iterations  =    5
 lxBRD_w::Comment::Iter =    6 error =    13.126     tol =   0.10000E-01
 lxBRD_w::Comment::Iterations  =    6
 lxBRD_w::Comment::Iter =    7 error =    1.5720     tol =   0.10000E-01
 lxBRD_w::Comment::Iterations  =    7
 lxBRD_w::Comment::Iter =    8 error =    34.639     tol =   0.10000E-01
 lxBRD_w::Comment::Iterations  =    8
 lxBRD_w::Comment::Iter =    9 error =    4.9004     tol =   0.10000E-01
 lxBRD_w::Comment::Iterations  =    9
 lxBRD_w::Comment::Iter =   10 error =    5.0811     tol =   0.10000E-01
 lxBRD_w::Comment::Iterations  =   10
 lxBRD_w::Comment::Iter =   11 error =    1.7745     tol =   0.10000E-01
 lxBRD_w::Comment::Iterations  =   11
 lxBRD_w::Comment::Iter =   12 error =   0.57979     tol =   0.10000E-01
 lxBRD_w::Comment::Iterations  =   12
 lxBRD_w::Comment::Iter =   13 error =    5.8999     tol =   0.10000E-01
 lxBRD_w::Comment::Iterations  =   13
 lxBRD_w::Comment::Iter =   14 error =    8.5142     tol =   0.10000E-01
 lxBRD_w::Comment::Iterations  =   14
 lxBRD_w::Comment::Iter =   15 error =   0.64664     tol =   0.10000E-01
 lxBRD_w::Comment::Iterations  =   15
 lxBRD_w::Comment::Iter =   16 error =    54.356     tol =   0.10000E-01
 lxBRD_w::Comment::Iterations  =   16
 lxBRD_w::Comment::Iter =   17 error =   0.39364     tol =   0.10000E-01
 lxBRD_w::Comment::Iterations  =   17
 lxBRD_w::Comment::Iter =   18 error =    0.0000     tol =   0.10000E-01
 lxBRD_w::Comment::Iterations  =   18
 lexus::M::Successful inversion, status =   0
