&1D
$appdir$\Macros\1D_Macros\
&2D
$appdir$\Macros\2D_Macros\
&3D
$appdir$\Macros\3D_Macros\
&NMRI
$appdir$\Macros\NMRI\
&NNLS
$appdir$\Macros\NNLS\
&GUI
$appdir$\Macros\GUI_macros\
&Demos
$appdir$\Macros\Demo_macros\
&Layout
$appdir$\Macros\Windows_Layout\
Juan-PP
$appdir$\Macros\Juan-PP
UCS-Carbon
$appdir$\Macros\UCS-Carbon
UCS-Lock
$appdir$\Macros\UCS-Lock
UCS-NMR
$appdir$\Macros\UCS-NMR
UCS-PP
$appdir$\Macros\UCS-PP
UCS-ProdTest
$appdir$\Macros\UCS-ProdTest
UCS-Update
$appdir$\Macros\UCS-Update
