none
matrix(N)+1
-
-
-
-
-
-
exponential
exp(-abs(x-p1)/p2)
0
N/4
-
N/2
N/12
-
cosinebell
cos(0.5*pi*(x-p1)/(N-p1))
0
-
-
N/2
-
-
cosinebellsquared
(cos(0.5*pi*(x-p1)/(N-p1)))^2
0
-
-
N/2
-
-
sinebell
sin(pi*(x-p1)/(N-p1))
0
-
-
N/2
-
-
sinebellsquared
(sin(pi*(x-p1)/(N-p1)))^2
0
-
-
N/2
-
-
gaussian
exp(-(x-p1)^2/p2^2)
0
N/2
-
N/2
N/6
-
vee
abs(x-p1)
0
N/2
-
N/2
N/2
-
shsinebellsquared
(cos(0.5*pi*(x-p1)/(N-p1)))^2
0
-
-
N*40/128
-
-
vee2
(abs(x-p1)/100+1).*exp(-(x-p1)^2/p2^2)
0
N/2
-
N/2
N/1.5
-
shgaussian
exp(-(x-p1)^2/p2^2)
0
N/2
-
N/8
N/6
-
